
**** Build of configuration CPU1_FLASH for project adc_ex2_soc_epwm ****

"C:\\ti\\ccs1281\\ccs\\utils\\bin\\gmake" -k -j 20 all -O 
 
Building file: "../adc_ex2_soc_epwm.c"
Invoking: C2000 Compiler
"C:/ti/ccs1281/ccs/tools/compiler/ti-cgt-c2000_22.6.1.LTS/bin/cl2000" -v28 -ml -mt --cla_support=cla2 --float_support=fpu32 --tmu_support=tmu1 --vcu_support=vcrc -Ooff --include_path="D:/GEN3/BU Board/adc_ex2_soc_epwm/metrology" --include_path="C:/ti/c2000/C2000Ware_5_04_00_00/libraries/dsp/FPU/c28/examples/common" --include_path="C:/ti/c2000/C2000Ware_5_04_00_00/libraries/flash_api/f28p55x/include/FlashAPI" --include_path="C:/ti/c2000/C2000Ware_5_04_00_00/libraries/flash_api/f28p55x/include/" --include_path="C:/ti/c2000/C2000Ware_5_04_00_00/libraries/dsp/FPU/c28/include" --include_path="D:/GEN3/BU Board/adc_ex2_soc_epwm" --include_path="C:/ti/c2000/C2000Ware_5_04_00_00" --include_path="D:/GEN3/BU Board/adc_ex2_soc_epwm/device" --include_path="C:/ti/c2000/C2000Ware_5_04_00_00/driverlib/f28p55x/driverlib" --include_path="C:/ti/ccs1281/ccs/tools/compiler/ti-cgt-c2000_22.6.1.LTS/include" --define=DEBUG --define=_FLASH --diag_suppress=10063 --diag_warning=225 --diag_wrap=off --display_error_number --gen_func_subsections=on --abi=eabi --preproc_with_compile --preproc_dependency="adc_ex2_soc_epwm.d_raw" --include_path="D:/GEN3/BU Board/adc_ex2_soc_epwm/CPU1_FLASH/syscfg" --cmd_file="syscfg/board.opt" --cmd_file="syscfg/c2000ware_libraries.opt"  "../adc_ex2_soc_epwm.c"
"..\src/can_branch_tx.h", line 84: warning #163-D: unrecognized #pragma
"..\src/can_branch_tx.h", line 108: warning #163-D: unrecognized #pragma
"..\src\flash_config.h", line 33: warning #48-D: incompatible redefinition of macro "BANK4_END" (declared at line 25 of "C:\ti\c2000\C2000Ware_5_04_00_00\libraries\flash_api\f28p55x\include\FlashAPI\Constants/F28P55x.h")
Finished building: "../adc_ex2_soc_epwm.c"
 
Building target: "adc_ex2_soc_epwm.out"
Invoking: C2000 Linker
"C:/ti/ccs1281/ccs/tools/compiler/ti-cgt-c2000_22.6.1.LTS/bin/cl2000" -v28 -ml -mt --cla_support=cla2 --float_support=fpu32 --tmu_support=tmu1 --vcu_support=vcrc -Ooff --define=DEBUG --define=_FLASH --diag_suppress=10063 --diag_warning=225 --diag_wrap=off --display_error_number --gen_func_subsections=on --abi=eabi -z -m"adc_ex2_soc_epwm.map" --heap_size=0x100 --stack_size=0x200 --warn_sections -i"C:/ti/c2000/C2000Ware_5_04_00_00/libraries/flash_api/f28p55x/lib" -i"C:/ti/c2000/C2000Ware_5_04_00_00/libraries/dsp/FPU/c28/lib" -i"C:/ti/ccs1281/ccs/tools/compiler/ti-cgt-c2000_22.6.1.LTS/lib" -i"C:/ti/c2000/C2000Ware_5_04_00_00" -i"D:/GEN3/BU Board/adc_ex2_soc_epwm/CPU1_FLASH/syscfg" -i"C:/ti/ccs1281/ccs/tools/compiler/ti-cgt-c2000_22.6.1.LTS/include" --reread_libs --define=_FLASH --diag_wrap=off --display_error_number --xml_link_info="adc_ex2_soc_epwm_linkInfo.xml" --entry_point=code_start --rom_model -o "adc_ex2_soc_epwm.out" "./adc_ex2_soc_epwm.obj" "./syscfg/board.obj" "./syscfg/c2000ware_libraries.obj" "./metro.obj" "./THD_Module/thd_adc_driver.obj" "./THD_Module/thd_analyzer.obj" "./THD_Module/thd_signal_processing.obj" "./device/device.obj" "./device/f28p55x_codestartbranch.obj" "./metrology/fft.obj" "./metrology/metrology_background.obj" "./metrology/metrology_calculations.obj" "./metrology/metrology_foreground.obj" "./metrology/metrology_setup.obj" "./src/Firmware Upgrade/fw_update_bu.obj" "./src/calibration.obj" "./src/can_branch_tx.obj" "./src/can_bu.obj" "./src/can_isr.obj" "./src/ct_dma.obj" "./src/flash_module.obj" "./src/pdu_manager.obj" "./src/power_calc.obj" "./src/power_calc_3phase.obj" "./src/voltage_rx.obj" "../28p55x_generic_flash_lnk.cmd" "../FAPI_F28P55x_EABI_v4.00.00.lib" "C:/ti/c2000/C2000Ware_5_04_00_00/driverlib/f28p55x/driverlib/ccs/Debug/driverlib.lib"  -lc2000ware_libraries.cmd.genlibs -llibc.a 
<Linking>
warning #10247-D: creating output section "ramgs3" without a SECTIONS specification
warning #10247-D: creating output section "ramgs4" without a SECTIONS specification
Finished building target: "adc_ex2_soc_epwm.out"
 
echo "========= Build of the CLB simulation has moved to the CLB Tool. Click the '?' icon by the _Generate CLB Simulation File_ enable for more details (located in the Global Parameters of the Tile Design SysConfig module) ============="
"========= Build of the CLB simulation has moved to the CLB Tool. Click the '?' icon by the _Generate CLB Simulation File_ enable for more details (located in the Global Parameters of the Tile Design SysConfig module) ============="
if 0 == 1  C:/ti/ccs1281/ccs/tools/node/node.exe "C:/ti/c2000/C2000Ware_5_04_00_00/utilities/clb_tool/clb_syscfg/dot_file_libraries/clbDotUtility.js"  "C:/ti/c2000/C2000Ware_5_04_00_00/utilities/clb_tool/clb_syscfg/" "D:/GEN3/BU Board/adc_ex2_soc_epwm/CPU1_FLASH/syscfg" "D:/GEN3/BU Board/adc_ex2_soc_epwm/CPU1_FLASH/syscfg/clb.dot"
if 0 == 1  mkdir "D:/GEN3/BU Board/adc_ex2_soc_epwm/CPU1_FLASH/diagrams"
if 0 == 1  C:/ti/ccs1281/ccs/tools/node/node.exe "C:/ti/c2000/C2000Ware_5_04_00_00/driverlib/.meta/generate_diagrams.js" "C:/ti/c2000/C2000Ware_5_04_00_00" "D:/GEN3/BU Board/adc_ex2_soc_epwm/CPU1_FLASH/diagrams" "D:/GEN3/BU Board/adc_ex2_soc_epwm/CPU1_FLASH/syscfg"
 

**** Build Finished ****
