
**** Build of configuration CPU1_FLASH for project adc_ex2_soc_epwm ****

"C:\\ti\\ccs1281\\ccs\\utils\\bin\\gmake" -k -j 20 all -O 
 
Building file: "../adc_ex2_soc_epwm.c"
Invoking: C2000 Compiler
"C:/ti/ccs1281/ccs/tools/compiler/ti-cgt-c2000_22.6.1.LTS/bin/cl2000" -v28 -ml -mt --cla_support=cla2 --float_support=fpu32 --tmu_support=tmu1 --vcu_support=vcrc -Ooff --include_path="D:/GEN3/S board/adc_ex2_soc_epwm/metrology" --include_path="C:/ti/c2000/C2000Ware_5_04_00_00/libraries/flash_api/f28p55x/include" --include_path="C:/ti/c2000/C2000Ware_5_04_00_00/libraries/flash_api/f28p55x/include/FlashAPI" --include_path="D:/GEN3/S board/adc_ex2_soc_epwm" --include_path="C:/ti/c2000/C2000Ware_5_04_00_00" --include_path="D:/GEN3/S board/adc_ex2_soc_epwm/device" --include_path="C:/ti/c2000/C2000Ware_5_04_00_00/driverlib/f28p55x/driverlib" --include_path="C:/ti/ccs1281/ccs/tools/compiler/ti-cgt-c2000_22.6.1.LTS/include" --include_path="C:/ti/c2000/C2000Ware_5_04_00_00/libraries/flash_api/f28p55x/include" --include_path="C:/ti/c2000/C2000Ware_5_04_00_00/libraries/flash_api/f28p55x/include/FlashAPI" --include_path="C:/ti/c2000/C2000Ware_5_04_00_00/libraries/dsp/FPU/c28/examples/common" --include_path="C:/ti/c2000/C2000Ware_5_04_00_00/libraries/dsp/FPU/c28/examples/common/f28p55x" --include_path="C:/ti/c2000/C2000Ware_5_04_00_00/libraries/dsp/FPU/c28/include" --include_path="C:/ti/c2000/C2000Ware_5_04_00_00/libraries/control/DCL/c28/examples/F28P55x_DF22" --include_path="C:/ti/c2000/C2000Ware_5_04_00_00/libraries/control/DCL/c28/include" --define=DEBUG --define=_FLASH --diag_suppress=10063 --diag_warning=225 --diag_wrap=off --display_error_number --gen_func_subsections=on --abi=eabi --preproc_with_compile --preproc_dependency="adc_ex2_soc_epwm.d_raw" --include_path="D:/GEN3/S board/adc_ex2_soc_epwm/CPU1_FLASH/syscfg" --cmd_file="syscfg/board.opt" --cmd_file="syscfg/c2000ware_libraries.opt"  "../adc_ex2_soc_epwm.c"
"C:\ti\c2000\C2000Ware_5_04_00_00\libraries\flash_api\f28p55x\include\FlashAPI\Constants/F28P55x.h", line 25: warning #48-D: incompatible redefinition of macro "BANK4_END" (declared at line 48 of "..\common.h")
"..\runtimedata.h", line 23: warning #163-D: unrecognized #pragma
"..\runtimedata.h", line 206: warning #163-D: unrecognized #pragma
"..\Firmware Upgrade/fw_image_rx.h", line 108: warning #1-D: last line of file ends without a newline
"../adc_ex2_soc_epwm.c", line 46: warning #48-D: incompatible redefinition of macro "RESULTS_BUFFER_SIZE" (declared at line 149 of "..\metro.h")
"../adc_ex2_soc_epwm.c", line 52: warning #48-D: incompatible redefinition of macro "PHASE_R" (declared at line 18 of "..\runtime.h")
"../adc_ex2_soc_epwm.c", line 53: warning #48-D: incompatible redefinition of macro "PHASE_Y" (declared at line 19 of "..\runtime.h")
"../adc_ex2_soc_epwm.c", line 54: warning #48-D: incompatible redefinition of macro "PHASE_B" (declared at line 20 of "..\runtime.h")
"../adc_ex2_soc_epwm.c", line 168: warning #48-D: incompatible redefinition of macro "VOLTAGE_BUFFER_SIZE" (declared at line 12 of "..\runtime.h")
"../adc_ex2_soc_epwm.c", line 169: warning #48-D: incompatible redefinition of macro "FRAMES_PER_BUFFER" (declared at line 59)
"../adc_ex2_soc_epwm.c", line 204: warning #48-D: incompatible redefinition of macro "DEBUG_PIN" (declared at line 30 of "..\i2c_sboard.h")
"../adc_ex2_soc_epwm.c", line 324: warning #179-D: variable "timeout" was declared but never referenced
"../adc_ex2_soc_epwm.c", line 496: warning #190-D: enumerated type mixed with another type
"..\metro.h", line 75: warning #824-D: pragma DATA_SECTION can only be applied to a file level symbol definition, not "voltage" (declared at line 76)
"..\metro.h", line 78: warning #824-D: pragma DATA_SECTION can only be applied to a file level symbol definition, not "current" (declared at line 79)
"../adc_ex2_soc_epwm.c", line 384 (col. 106): advice #2614-D: (Performance) Use --fp_mode=relaxed to enable TMU hardware support for FP division.
Finished building: "../adc_ex2_soc_epwm.c"
 
Building target: "adc_ex2_soc_epwm.out"
Invoking: C2000 Linker
"C:/ti/ccs1281/ccs/tools/compiler/ti-cgt-c2000_22.6.1.LTS/bin/cl2000" -v28 -ml -mt --cla_support=cla2 --float_support=fpu32 --tmu_support=tmu1 --vcu_support=vcrc -Ooff --define=DEBUG --define=_FLASH --diag_suppress=10063 --diag_warning=225 --diag_wrap=off --display_error_number --gen_func_subsections=on --abi=eabi -z -m"adc_ex2_soc_epwm.map" --heap_size=0x100 --stack_size=0x200 --warn_sections -i"C:/ti/c2000/C2000Ware_5_04_00_00/libraries/flash_api/f28p55x/lib" -i"C:/ti/c2000/C2000Ware_5_04_00_00/libraries/flash_api/f28p55x/include/FlashAPI" -i"C:/ti/ccs1281/ccs/tools/compiler/ti-cgt-c2000_22.6.1.LTS/lib" -i"C:/ti/c2000/C2000Ware_5_04_00_00" -i"D:/GEN3/S board/adc_ex2_soc_epwm/CPU1_FLASH/syscfg" -i"C:/ti/c2000/C2000Ware_5_04_00_00/libraries/flash_api/f28p55x/lib" -i"C:/ti/c2000/C2000Ware_5_04_00_00/libraries/flash_api/f28p55x/include/FlashAPI" -i"C:/ti/c2000/C2000Ware_5_04_00_00/libraries/control/DCL/c28/include" -i"C:/ti/ccs1281/ccs/tools/compiler/ti-cgt-c2000_22.6.1.LTS/include" --reread_libs --define=_FLASH --define=FFT_ALIGN=512 --diag_wrap=off --display_error_number --xml_link_info="adc_ex2_soc_epwm_linkInfo.xml" --entry_point=code_start --rom_model -o "adc_ex2_soc_epwm.out" "./adc_ex2_soc_epwm.obj" "./syscfg/board.obj" "./syscfg/c2000ware_libraries.obj" "./bu_board.obj" "./can_driver.obj" "./flash_driver.obj" "./i2c_sboard.obj" "./i2c_scanner.obj" "./isr.obj" "./m_board.obj" "./metro.obj" "./pdu_manager.obj" "./phase_detection.obj" "./runtime.obj" "./runtimedata.obj" "./s_board_adc.obj" "./s_board_runtime_timing.obj" "./s_board_runtime_transmission.obj" "./time_slot.obj" "./timer_driver.obj" "./BU Firmware Upgrade/fw_bu_image_rx.obj" "./BU Firmware Upgrade/fw_bu_master.obj" "./Firmware Upgrade/fw_image_rx.obj" "./Firmware Upgrade/fw_update_flash.obj" "./THD_Module/thd_adc_driver.obj" "./THD_Module/thd_analyzer.obj" "./THD_Module/thd_signal_processing.obj" "./device/device.obj" "./device/f28p55x_codestartbranch.obj" "./metrology/fft.obj" "./metrology/metrology_background.obj" "./metrology/metrology_calculations.obj" "./metrology/metrology_fir_table.obj" "./metrology/metrology_foreground.obj" "./metrology/metrology_setup.obj" "../28p55x_flash_api_lnk.cmd" "../FAPI_F28P55x_EABI_v4.00.00.lib" "../driverlib.lib"  -l"C:/ti/c2000/C2000Ware_5_04_00_00/libraries/flash_api/f28p55x/lib/FAPI_F28P55x_EABI_v4.00.00.lib" -lc2000ware_libraries.cmd.genlibs -llibc.a 
<Linking>
Finished building target: "adc_ex2_soc_epwm.out"
 
Building secondary target: "adc_ex2_soc_epwm.bin"
Invoking: C2000 Hex Utility
"C:/ti/ccs1281/ccs/tools/compiler/ti-cgt-c2000_22.6.1.LTS/bin/hex2000" --memwidth=16 --order=LS --diag_wrap=off --binary -o "adc_ex2_soc_epwm.bin"  "adc_ex2_soc_epwm.out" 
Translating to Binary format...
   "adc_ex2_soc_epwm.out" codestart ==> codestart
   "adc_ex2_soc_epwm.out" FPUmathTables ==> FPUmathTables
   "adc_ex2_soc_epwm.out" .TI.ramfunc ==> .TI.ramfunc
   "adc_ex2_soc_epwm.out" .text ==> .text
   "adc_ex2_soc_epwm.out" .const ==> .const
   "adc_ex2_soc_epwm.out" .cinit ==> .cinit
Finished building secondary target: "adc_ex2_soc_epwm.bin"
 
echo "========= Build of the CLB simulation has moved to the CLB Tool. Click the '?' icon by the _Generate CLB Simulation File_ enable for more details (located in the Global Parameters of the Tile Design SysConfig module) ============="
"========= Build of the CLB simulation has moved to the CLB Tool. Click the '?' icon by the _Generate CLB Simulation File_ enable for more details (located in the Global Parameters of the Tile Design SysConfig module) ============="
if 0 == 1  C:/ti/ccs1281/ccs/tools/node/node.exe "C:/ti/c2000/C2000Ware_5_04_00_00/utilities/clb_tool/clb_syscfg/dot_file_libraries/clbDotUtility.js"  "C:/ti/c2000/C2000Ware_5_04_00_00/utilities/clb_tool/clb_syscfg/" "D:/GEN3/S board/adc_ex2_soc_epwm/CPU1_FLASH/syscfg" "D:/GEN3/S board/adc_ex2_soc_epwm/CPU1_FLASH/syscfg/clb.dot"
if 0 == 1  mkdir "D:/GEN3/S board/adc_ex2_soc_epwm/CPU1_FLASH/diagrams"
if 0 == 1  C:/ti/ccs1281/ccs/tools/node/node.exe "C:/ti/c2000/C2000Ware_5_04_00_00/driverlib/.meta/generate_diagrams.js" "C:/ti/c2000/C2000Ware_5_04_00_00" "D:/GEN3/S board/adc_ex2_soc_epwm/CPU1_FLASH/diagrams" "D:/GEN3/S board/adc_ex2_soc_epwm/CPU1_FLASH/syscfg"
 

**** Build Finished ****
